[debug] ----------------------------------------------------------------------
[debug] Command:      /usr/local/bin/node /usr/local/bin/firebase serve
[debug] CLI Version:  3.6.1
[debug] Platform:     linux
[debug] Node Version: v7.8.0
[debug] Time:         Thu Jun 01 2017 21:18:28 GMT-0300 (BRT)
[debug] ----------------------------------------------------------------------
[debug] 
[debug] > command requires scopes: ["email","openid","https://www.googleapis.com/auth/cloudplatformprojects.readonly","https://www.googleapis.com/auth/firebase","https://www.googleapis.com/auth/cloud-platform"]
[debug] >>> HTTP REQUEST GET https://admin.firebase.com/v1/projects/appn-f95e8  
 Thu Jun 01 2017 21:18:28 GMT-0300 (BRT)
[debug] <<< HTTP RESPONSE 200
[debug] >>> HTTP REQUEST GET https://admin.firebase.com/v1/database/appn-f95e8/tokens  
 Thu Jun 01 2017 21:18:29 GMT-0300 (BRT)
[debug] <<< HTTP RESPONSE 200
[info] Starting Firebase development server...
[info] 
[info] Project Directory: /home/danilo/Dropbox/Fac/Empreendedorismo/APPN
[debug] >>> HTTP REQUEST GET https://cloudresourcemanager.googleapis.com/v1/projects/appn-f95e8  
 Thu Jun 01 2017 21:18:30 GMT-0300 (BRT)
[debug] <<< HTTP RESPONSE 200
[debug] >>> HTTP REQUEST GET https://mobilesdk-pa.googleapis.com/v1/projects/639604783962/clients/_:getWebAppConfig  
 Thu Jun 01 2017 21:18:31 GMT-0300 (BRT)
[debug] <<< HTTP RESPONSE 200
[info] Public Directory: /
[info] 
[info] Server listening at: http://localhost:5000
